# JRE version: OpenJDK Runtime Environment (21.0.7) (build 21.0.7+-13880790-b1038.58)
# Java VM: OpenJDK 64-Bit Server VM (21.0.7+-13880790-b1038.58, mixed mode, tiered, compressed oops, compressed class ptrs, g1 gc, windows-amd64)
GC Precious Log:
 CardTable entry size: 512
 Card Set container configuration: InlinePtr #cards 5 size 8 Array Of Cards #cards 12 size 40 Howl #buckets 4 coarsen threshold 1843 Howl Bitmap #cards 512 size 80 coarsen threshold 460 Card regions per heap region 1 cards per card region 2048
 CPUs: 8 total, 8 available
 Memory: 7916M
 Large Page Support: Disabled
 NUMA Support: Disabled
 Compressed Oops: Enabled (32-bit)
 Heap Region Size: 1M
 Heap Min Capacity: 8M
 Heap Initial Capacity: 8M
 Heap Max Capacity: 1980M
 Pre-touch: Disabled
 Parallel Workers: 8
 Concurrent Workers: 2
 Concurrent Refinement Workers: 8
 Periodic GC: Disabled
Heap:
 garbage-first heap   total 11264K, used 4760K [0x0000000084400000, 0x0000000100000000)
  region size 1024K, 1 young (1024K), 1 survivors (1024K)
 Metaspace       used 11053K, committed 11328K, reserved 1114112K
  class space    used 1127K, committed 1280K, reserved 1048576K
GC Heap History (19 events):
Event: 0.246 GC heap before
{Heap before GC invocations=0 (full 0):
 garbage-first heap   total 8192K, used 3072K [0x0000000084400000, 0x0000000100000000)
  region size 1024K, 3 young (3072K), 0 survivors (0K)
 Metaspace       used 7651K, committed 7744K, reserved 1114112K
  class space    used 714K, committed 768K, reserved 1048576K
}
Event: 0.249 GC heap after
{Heap after GC invocations=1 (full 0):
 garbage-first heap   total 8192K, used 928K [0x0000000084400000, 0x0000000100000000)
  region size 1024K, 1 young (1024K), 1 survivors (1024K)
 Metaspace       used 7651K, committed 7744K, reserved 1114112K
  class space    used 714K, committed 768K, reserved 1048576K
}
Event: 0.341 GC heap before
{Heap before GC invocations=1 (full 0):
 garbage-first heap   total 8192K, used 2976K [0x0000000084400000, 0x0000000100000000)
  region size 1024K, 3 young (3072K), 1 survivors (1024K)
 Metaspace       used 9192K, committed 9344K, reserved 1114112K
  class space    used 884K, committed 960K, reserved 1048576K
}
Event: 0.344 GC heap after
{Heap after GC invocations=2 (full 0):
 garbage-first heap   total 8192K, used 1174K [0x0000000084400000, 0x0000000100000000)
  region size 1024K, 1 young (1024K), 1 survivors (1024K)
 Metaspace       used 9192K, committed 9344K, reserved 1114112K
  class space    used 884K, committed 960K, reserved 1048576K
}
Event: 0.391 GC heap before
{Heap before GC invocations=2 (full 0):
 garbage-first heap   total 8192K, used 3222K [0x0000000084400000, 0x0000000100000000)
  region size 1024K, 3 young (3072K), 1 survivors (1024K)
 Metaspace       used 9589K, committed 9792K, reserved 1114112K
  class space    used 939K, committed 1024K, reserved 1048576K
}
Event: 0.393 GC heap after
{Heap after GC invocations=3 (full 0):
 garbage-first heap   total 8192K, used 2487K [0x0000000084400000, 0x0000000100000000)
  region size 1024K, 1 young (1024K), 1 survivors (1024K)
 Metaspace       used 9589K, committed 9792K, reserved 1114112K
  class space    used 939K, committed 1024K, reserved 1048576K
}
Event: 0.457 GC heap before
{Heap before GC invocations=3 (full 0):
 garbage-first heap   total 8192K, used 3511K [0x0000000084400000, 0x0000000100000000)
  region size 1024K, 2 young (2048K), 1 survivors (1024K)
 Metaspace       used 9882K, committed 10112K, reserved 1114112K
  class space    used 974K, committed 1088K, reserved 1048576K
}
Event: 0.460 GC heap after
{Heap after GC invocations=4 (full 0):
 garbage-first heap   total 8192K, used 2997K [0x0000000084400000, 0x0000000100000000)
  region size 1024K, 1 young (1024K), 1 survivors (1024K)
 Metaspace       used 9882K, committed 10112K, reserved 1114112K
  class space    used 974K, committed 1088K, reserved 1048576K
}
Event: 0.497 GC heap before
{Heap before GC invocations=4 (full 0):
 garbage-first heap   total 8192K, used 4021K [0x0000000084400000, 0x0000000100000000)
  region size 1024K, 2 young (2048K), 1 survivors (1024K)
 Metaspace       used 9951K, committed 10176K, reserved 1114112K
  class space    used 974K, committed 1088K, reserved 1048576K
}
Event: 0.500 GC heap after
{Heap after GC invocations=5 (full 0):
 garbage-first heap   total 11264K, used 3379K [0x0000000084400000, 0x0000000100000000)
  region size 1024K, 1 young (1024K), 1 survivors (1024K)
 Metaspace       used 9951K, committed 10176K, reserved 1114112K
  class space    used 974K, committed 1088K, reserved 1048576K
}
Event: 0.616 GC heap before
{Heap before GC invocations=5 (full 0):
 garbage-first heap   total 11264K, used 5427K [0x0000000084400000, 0x0000000100000000)
  region size 1024K, 3 young (3072K), 1 survivors (1024K)
 Metaspace       used 10335K, committed 10624K, reserved 1114112K
  class space    used 1053K, committed 1216K, reserved 1048576K
}
Event: 0.619 GC heap after
{Heap after GC invocations=6 (full 0):
 garbage-first heap   total 11264K, used 3318K [0x0000000084400000, 0x0000000100000000)
  region size 1024K, 1 young (1024K), 1 survivors (1024K)
 Metaspace       used 10335K, committed 10624K, reserved 1114112K
  class space    used 1053K, committed 1216K, reserved 1048576K
}
Event: 1.004 GC heap before
{Heap before GC invocations=6 (full 0):
 garbage-first heap   total 11264K, used 6390K [0x0000000084400000, 0x0000000100000000)
  region size 1024K, 4 young (4096K), 1 survivors (1024K)
 Metaspace       used 10792K, committed 11072K, reserved 1114112K
  class space    used 1112K, committed 1280K, reserved 1048576K
}
Event: 1.007 GC heap after
{Heap after GC invocations=7 (full 0):
 garbage-first heap   total 11264K, used 3643K [0x0000000084400000, 0x0000000100000000)
  region size 1024K, 1 young (1024K), 1 survivors (1024K)
 Metaspace       used 10792K, committed 11072K, reserved 1114112K
  class space    used 1112K, committed 1280K, reserved 1048576K
}
Event: 1.248 GC heap before
{Heap before GC invocations=7 (full 0):
 garbage-first heap   total 11264K, used 6715K [0x0000000084400000, 0x0000000100000000)
  region size 1024K, 4 young (4096K), 1 survivors (1024K)
 Metaspace       used 10960K, committed 11264K, reserved 1114112K
  class space    used 1117K, committed 1280K, reserved 1048576K
}
Event: 1.251 GC heap after
{Heap after GC invocations=8 (full 0):
 garbage-first heap   total 11264K, used 4272K [0x0000000084400000, 0x0000000100000000)
  region size 1024K, 1 young (1024K), 1 survivors (1024K)
 Metaspace       used 10960K, committed 11264K, reserved 1114112K
  class space    used 1117K, committed 1280K, reserved 1048576K
}
Event: 1.295 GC heap before
{Heap before GC invocations=8 (full 0):
 garbage-first heap   total 11264K, used 7344K [0x0000000084400000, 0x0000000100000000)
  region size 1024K, 4 young (4096K), 1 survivors (1024K)
 Metaspace       used 11004K, committed 11328K, reserved 1114112K
  class space    used 1121K, committed 1280K, reserved 1048576K
}
Event: 1.299 GC heap after
{Heap after GC invocations=9 (full 0):
 garbage-first heap   total 11264K, used 4789K [0x0000000084400000, 0x0000000100000000)
  region size 1024K, 1 young (1024K), 1 survivors (1024K)
 Metaspace       used 11004K, committed 11328K, reserved 1114112K
  class space    used 1121K, committed 1280K, reserved 1048576K
}
Event: 1.358 GC heap before
{Heap before GC invocations=9 (full 0):
 garbage-first heap   total 11264K, used 6837K [0x0000000084400000, 0x0000000100000000)
  region size 1024K, 3 young (3072K), 1 survivors (1024K)
 Metaspace       used 11053K, committed 11328K, reserved 1114112K
  class space    used 1127K, committed 1280K, reserved 1048576K
}

